Build started 2012-04-16 오후 8:22:50.
     1>Project "C:\svn\trunk\koi_flipflip\koi_flipflip.vcxproj" on node 2 (build target(s)).
     1>InitializeBuildStatus:
         Creating "Release\koi_flipflip.unsuccessfulbuild" because "AlwaysCreate" was specified.
       ClCompile:
         C:\Program Files (x86)\Microsoft Visual Studio 10.0\VC\bin\CL.exe /c /Zi /nologo /W3 /WX- /O2 /Oi /Oy- /GL /D WIN32 /D NDEBUG /D _CONSOLE /D _UNICODE /D UNICODE /Gm- /EHsc /MD /GS /Gy /fp:precise /Zc:wchar_t /Zc:forScope /Yc"StdAfx.h" /Fp"Release\koi_flipflip.pch" /Fo"Release\\" /Fd"Release\vc100.pdb" /Gd /TP /analyze- /errorReport:prompt stdafx.cpp
         stdafx.cpp
         C:\Program Files (x86)\Microsoft Visual Studio 10.0\VC\bin\CL.exe /c /Zi /nologo /W3 /WX- /O2 /Oi /Oy- /GL /D WIN32 /D NDEBUG /D _CONSOLE /D _UNICODE /D UNICODE /Gm- /EHsc /MD /GS /Gy /fp:precise /Zc:wchar_t /Zc:forScope /Yu"StdAfx.h" /Fp"Release\koi_flipflip.pch" /Fo"Release\\" /Fd"Release\vc100.pdb" /Gd /TP /analyze- /errorReport:prompt koi_flipflip.cpp
         koi_flipflip.cpp
       Link:
         C:\Program Files (x86)\Microsoft Visual Studio 10.0\VC\bin\link.exe /ERRORREPORT:PROMPT /OUT:"C:\svn\trunk\Release\koi_flipflip.exe" /INCREMENTAL:NO /NOLOGO kernel32.lib user32.lib gdi32.lib winspool.lib comdlg32.lib advapi32.lib shell32.lib ole32.lib oleaut32.lib uuid.lib odbc32.lib odbccp32.lib /MANIFEST /ManifestFile:"Release\koi_flipflip.exe.intermediate.manifest" /MANIFESTUAC:"level='asInvoker' uiAccess='false'" /DEBUG /PDB:"C:\svn\trunk\Release\koi_flipflip.pdb" /SUBSYSTEM:CONSOLE /OPT:REF /OPT:ICF /LTCG /TLBID:1 /DYNAMICBASE /NXCOMPAT /IMPLIB:"C:\svn\trunk\Release\koi_flipflip.lib" /MACHINE:X86 Release\koi_flipflip.obj
         Release\stdafx.obj
         Generating code
         Finished generating code
         koi_flipflip.vcxproj -> C:\svn\trunk\Release\koi_flipflip.exe
       Manifest:
         C:\Program Files (x86)\Microsoft SDKs\Windows\v7.0A\bin\mt.exe /nologo /verbose /outputresource:"C:\svn\trunk\Release\koi_flipflip.exe;#1" /manifest Release\koi_flipflip.exe.intermediate.manifest
       FinalizeBuildStatus:
         Deleting file "Release\koi_flipflip.unsuccessfulbuild".
         Touching "Release\koi_flipflip.lastbuildstate".
     1>Done Building Project "C:\svn\trunk\koi_flipflip\koi_flipflip.vcxproj" (build target(s)).

Build succeeded.

Time Elapsed 00:00:01.31
