Build started 2012-03-22 오후 10:01:41.
     1>Project "C:\svn\trunk\UVA825_SafeWay\UVA825_SafeWay.vcxproj" on node 3 (build target(s)).
     1>InitializeBuildStatus:
         Creating "Debug\UVA825_SafeWay.unsuccessfulbuild" because "AlwaysCreate" was specified.
       ClCompile:
         C:\Program Files (x86)\Microsoft Visual Studio 10.0\VC\bin\CL.exe /c /ZI /nologo /W3 /WX- /Od /Oy- /D WIN32 /D _DEBUG /D _CONSOLE /D _UNICODE /D UNICODE /Gm /EHsc /RTC1 /MDd /GS /fp:precise /Zc:wchar_t /Zc:forScope /Yc"StdAfx.h" /Fp"Debug\UVA825_SafeWay.pch" /Fo"Debug\\" /Fd"Debug\vc100.pdb" /Gd /TP /analyze- /errorReport:prompt stdafx.cpp
         stdafx.cpp
         C:\Program Files (x86)\Microsoft Visual Studio 10.0\VC\bin\CL.exe /c /ZI /nologo /W3 /WX- /Od /Oy- /D WIN32 /D _DEBUG /D _CONSOLE /D _UNICODE /D UNICODE /Gm /EHsc /RTC1 /MDd /GS /fp:precise /Zc:wchar_t /Zc:forScope /Yu"StdAfx.h" /Fp"Debug\UVA825_SafeWay.pch" /Fo"Debug\\" /Fd"Debug\vc100.pdb" /Gd /TP /analyze- /errorReport:prompt UVA825_SafeWay.cpp
         UVA825_SafeWay.cpp
       ManifestResourceCompile:
         C:\Program Files (x86)\Microsoft SDKs\Windows\v7.0A\bin\rc.exe /nologo /fo"Debug\UVA825_SafeWay.exe.embed.manifest.res" Debug\UVA825_SafeWay_manifest.rc 
       Link:
         C:\Program Files (x86)\Microsoft Visual Studio 10.0\VC\bin\link.exe /ERRORREPORT:PROMPT /OUT:"C:\svn\trunk\Debug\UVA825_SafeWay.exe" /INCREMENTAL /NOLOGO kernel32.lib user32.lib gdi32.lib winspool.lib comdlg32.lib advapi32.lib shell32.lib ole32.lib oleaut32.lib uuid.lib odbc32.lib odbccp32.lib /MANIFEST /ManifestFile:"Debug\UVA825_SafeWay.exe.intermediate.manifest" /MANIFESTUAC:"level='asInvoker' uiAccess='false'" /DEBUG /PDB:"C:\svn\trunk\Debug\UVA825_SafeWay.pdb" /SUBSYSTEM:CONSOLE /TLBID:1 /DYNAMICBASE /NXCOMPAT /IMPLIB:"C:\svn\trunk\Debug\UVA825_SafeWay.lib" /MACHINE:X86 Debug\UVA825_SafeWay.exe.embed.manifest.res
         Debug\stdafx.obj
         Debug\UVA825_SafeWay.obj
       Manifest:
         C:\Program Files (x86)\Microsoft SDKs\Windows\v7.0A\bin\mt.exe /nologo /verbose /out:"Debug\UVA825_SafeWay.exe.embed.manifest" /manifest Debug\UVA825_SafeWay.exe.intermediate.manifest
         C:\Program Files (x86)\Microsoft SDKs\Windows\v7.0A\bin\rc.exe /nologo /fo"Debug\UVA825_SafeWay.exe.embed.manifest.res" Debug\UVA825_SafeWay_manifest.rc 
       LinkEmbedManifest:
         C:\Program Files (x86)\Microsoft Visual Studio 10.0\VC\bin\link.exe /ERRORREPORT:PROMPT /OUT:"C:\svn\trunk\Debug\UVA825_SafeWay.exe" /INCREMENTAL /NOLOGO kernel32.lib user32.lib gdi32.lib winspool.lib comdlg32.lib advapi32.lib shell32.lib ole32.lib oleaut32.lib uuid.lib odbc32.lib odbccp32.lib /MANIFEST /ManifestFile:"Debug\UVA825_SafeWay.exe.intermediate.manifest" /MANIFESTUAC:"level='asInvoker' uiAccess='false'" /DEBUG /PDB:"C:\svn\trunk\Debug\UVA825_SafeWay.pdb" /SUBSYSTEM:CONSOLE /TLBID:1 /DYNAMICBASE /NXCOMPAT /IMPLIB:"C:\svn\trunk\Debug\UVA825_SafeWay.lib" /MACHINE:X86 Debug\UVA825_SafeWay.exe.embed.manifest.res
         Debug\stdafx.obj
         Debug\UVA825_SafeWay.obj
         UVA825_SafeWay.vcxproj -> C:\svn\trunk\Debug\UVA825_SafeWay.exe
       FinalizeBuildStatus:
         Deleting file "Debug\UVA825_SafeWay.unsuccessfulbuild".
         Touching "Debug\UVA825_SafeWay.lastbuildstate".
     1>Done Building Project "C:\svn\trunk\UVA825_SafeWay\UVA825_SafeWay.vcxproj" (build target(s)).

Build succeeded.

Time Elapsed 00:00:01.15
