C:\SVN\TRUNK\ANAGRAM\DEBUG\ANAGRAM.EXE.EMBED.MANIFEST
C:\SVN\TRUNK\ANAGRAM\DEBUG\ANAGRAM.EXE.EMBED.MANIFEST.RES
C:\SVN\TRUNK\ANAGRAM\DEBUG\ANAGRAM.EXE.INTERMEDIATE.MANIFEST
C:\SVN\TRUNK\ANAGRAM\DEBUG\ANAGRAM.PCH
C:\svn\trunk\Anagram\Debug\Anagram_manifest.rc
C:\svn\trunk\Anagram\Debug\cl.command.1.tlog
C:\svn\trunk\Anagram\Debug\CL.read.1.tlog
C:\svn\trunk\Anagram\Debug\CL.write.1.tlog
C:\svn\trunk\Anagram\Debug\link.1768.read.1.tlog
C:\svn\trunk\Anagram\Debug\link.1768.write.1.tlog
C:\svn\trunk\Anagram\Debug\link.1768-cvtres.read.1.tlog
C:\svn\trunk\Anagram\Debug\link.1768-cvtres.write.1.tlog
C:\svn\trunk\Anagram\Debug\link.2096.read.1.tlog
C:\svn\trunk\Anagram\Debug\link.2096.write.1.tlog
C:\svn\trunk\Anagram\Debug\link.2096-cvtres.read.1.tlog
C:\svn\trunk\Anagram\Debug\link.2096-cvtres.write.1.tlog
C:\svn\trunk\Anagram\Debug\link.5840.read.1.tlog
C:\svn\trunk\Anagram\Debug\link.5840.write.1.tlog
C:\svn\trunk\Anagram\Debug\link.5840-cvtres.read.1.tlog
C:\svn\trunk\Anagram\Debug\link.5840-cvtres.write.1.tlog
C:\svn\trunk\Anagram\Debug\link.command.1.tlog
C:\svn\trunk\Anagram\Debug\link.read.1.tlog
C:\svn\trunk\Anagram\Debug\link.write.1.tlog
C:\svn\trunk\Anagram\Debug\link-cvtres.read.1.tlog
C:\svn\trunk\Anagram\Debug\link-cvtres.write.1.tlog
C:\svn\trunk\Anagram\Debug\mt.command.1.tlog
C:\svn\trunk\Anagram\Debug\mt.read.1.tlog
C:\svn\trunk\Anagram\Debug\mt.write.1.tlog
C:\svn\trunk\Anagram\Debug\rc.command.1.tlog
C:\svn\trunk\Anagram\Debug\rc.read.1.tlog
C:\svn\trunk\Anagram\Debug\rc.write.1.tlog
C:\SVN\TRUNK\ANAGRAM\DEBUG\STDAFX.OBJ
C:\svn\trunk\Anagram\Debug\vc100.idb
C:\SVN\TRUNK\ANAGRAM\DEBUG\VC100.PDB
C:\SVN\TRUNK\DEBUG\ANAGRAM.EXE
C:\SVN\TRUNK\DEBUG\ANAGRAM.ILK
C:\SVN\TRUNK\DEBUG\ANAGRAM.PDB
