Build started 2012-04-19 오후 9:23:15.
     1>Project "C:\svn\trunk\CakeCutting\CakeCutting.vcxproj" on node 2 (build target(s)).
     1>InitializeBuildStatus:
         Creating "Debug\CakeCutting.unsuccessfulbuild" because "AlwaysCreate" was specified.
       ClCompile:
         All outputs are up-to-date.
         C:\Program Files (x86)\Microsoft Visual Studio 10.0\VC\bin\CL.exe /c /ZI /nologo /W3 /WX- /Od /Oy- /D WIN32 /D _DEBUG /D _CONSOLE /D _UNICODE /D UNICODE /Gm /EHsc /RTC1 /MDd /GS /fp:precise /Zc:wchar_t /Zc:forScope /Yu"StdAfx.h" /Fp"Debug\CakeCutting.pch" /Fo"Debug\\" /Fd"Debug\vc100.pdb" /Gd /TP /analyze- /errorReport:prompt CakeCutting.cpp
         CakeCutting.cpp
     1>c:\svn\trunk\cakecutting\cakecutting.cpp(26): warning C4715: 'Process' : not all control paths return a value
       ManifestResourceCompile:
         All outputs are up-to-date.
       Link:
         C:\Program Files (x86)\Microsoft Visual Studio 10.0\VC\bin\link.exe /ERRORREPORT:PROMPT /OUT:"C:\svn\trunk\Debug\CakeCutting.exe" /INCREMENTAL /NOLOGO kernel32.lib user32.lib gdi32.lib winspool.lib comdlg32.lib advapi32.lib shell32.lib ole32.lib oleaut32.lib uuid.lib odbc32.lib odbccp32.lib /MANIFEST /ManifestFile:"Debug\CakeCutting.exe.intermediate.manifest" /MANIFESTUAC:"level='asInvoker' uiAccess='false'" /DEBUG /PDB:"C:\svn\trunk\Debug\CakeCutting.pdb" /SUBSYSTEM:CONSOLE /TLBID:1 /DYNAMICBASE /NXCOMPAT /IMPLIB:"C:\svn\trunk\Debug\CakeCutting.lib" /MACHINE:X86 Debug\CakeCutting.exe.embed.manifest.res
         Debug\CakeCutting.obj
         Debug\stdafx.obj
       Manifest:
         C:\Program Files (x86)\Microsoft SDKs\Windows\v7.0A\bin\mt.exe /nologo /verbose /out:"Debug\CakeCutting.exe.embed.manifest" /manifest Debug\CakeCutting.exe.intermediate.manifest
         All outputs are up-to-date.
       LinkEmbedManifest:
         All outputs are up-to-date.
         CakeCutting.vcxproj -> C:\svn\trunk\Debug\CakeCutting.exe
       FinalizeBuildStatus:
         Deleting file "Debug\CakeCutting.unsuccessfulbuild".
         Touching "Debug\CakeCutting.lastbuildstate".
     1>Done Building Project "C:\svn\trunk\CakeCutting\CakeCutting.vcxproj" (build target(s)).

Build succeeded.

Time Elapsed 00:00:00.92
