Build started 2012-04-19 오전 12:48:21.
     1>Project "C:\svn\trunk\apple_catching\apple_catching.vcxproj" on node 2 (build target(s)).
     1>InitializeBuildStatus:
         Creating "Debug\apple_catching.unsuccessfulbuild" because "AlwaysCreate" was specified.
       ClCompile:
         All outputs are up-to-date.
         C:\Program Files (x86)\Microsoft Visual Studio 10.0\VC\bin\CL.exe /c /ZI /nologo /W3 /WX- /Od /Oy- /D WIN32 /D _DEBUG /D _CONSOLE /D _UNICODE /D UNICODE /Gm /EHsc /RTC1 /MDd /GS /fp:precise /Zc:wchar_t /Zc:forScope /Yu"StdAfx.h" /Fp"Debug\apple_catching.pch" /Fo"Debug\\" /Fd"Debug\vc100.pdb" /Gd /TP /analyze- /errorReport:prompt apple_catching.cpp
         apple_catching.cpp
       ManifestResourceCompile:
         All outputs are up-to-date.
       Link:
         C:\Program Files (x86)\Microsoft Visual Studio 10.0\VC\bin\link.exe /ERRORREPORT:PROMPT /OUT:"C:\svn\trunk\Debug\apple_catching.exe" /INCREMENTAL /NOLOGO kernel32.lib user32.lib gdi32.lib winspool.lib comdlg32.lib advapi32.lib shell32.lib ole32.lib oleaut32.lib uuid.lib odbc32.lib odbccp32.lib /MANIFEST /ManifestFile:"Debug\apple_catching.exe.intermediate.manifest" /MANIFESTUAC:"level='asInvoker' uiAccess='false'" /DEBUG /PDB:"C:\svn\trunk\Debug\apple_catching.pdb" /SUBSYSTEM:CONSOLE /TLBID:1 /DYNAMICBASE /NXCOMPAT /IMPLIB:"C:\svn\trunk\Debug\apple_catching.lib" /MACHINE:X86 Debug\apple_catching.exe.embed.manifest.res
         Debug\apple_catching.obj
         Debug\stdafx.obj
       Manifest:
         C:\Program Files (x86)\Microsoft SDKs\Windows\v7.0A\bin\mt.exe /nologo /verbose /out:"Debug\apple_catching.exe.embed.manifest" /manifest Debug\apple_catching.exe.intermediate.manifest
         All outputs are up-to-date.
       LinkEmbedManifest:
         All outputs are up-to-date.
         apple_catching.vcxproj -> C:\svn\trunk\Debug\apple_catching.exe
       FinalizeBuildStatus:
         Deleting file "Debug\apple_catching.unsuccessfulbuild".
         Touching "Debug\apple_catching.lastbuildstate".
     1>Done Building Project "C:\svn\trunk\apple_catching\apple_catching.vcxproj" (build target(s)).

Build succeeded.

Time Elapsed 00:00:00.70
