Build started 2012-03-22 오후 10:01:41.
     1>Project "C:\svn\trunk\UVA357_CoinChange\UVA357_CoinChange.vcxproj" on node 4 (build target(s)).
     1>InitializeBuildStatus:
         Creating "Debug\UVA357_CoinChange.unsuccessfulbuild" because "AlwaysCreate" was specified.
       ClCompile:
         C:\Program Files (x86)\Microsoft Visual Studio 10.0\VC\bin\CL.exe /c /ZI /nologo /W3 /WX- /Od /Oy- /D WIN32 /D _DEBUG /D _CONSOLE /D _UNICODE /D UNICODE /Gm /EHsc /RTC1 /MDd /GS /fp:precise /Zc:wchar_t /Zc:forScope /Yc"StdAfx.h" /Fp"Debug\UVA357_CoinChange.pch" /Fo"Debug\\" /Fd"Debug\vc100.pdb" /Gd /TP /analyze- /errorReport:prompt stdafx.cpp
         stdafx.cpp
         C:\Program Files (x86)\Microsoft Visual Studio 10.0\VC\bin\CL.exe /c /ZI /nologo /W3 /WX- /Od /Oy- /D WIN32 /D _DEBUG /D _CONSOLE /D _UNICODE /D UNICODE /Gm /EHsc /RTC1 /MDd /GS /fp:precise /Zc:wchar_t /Zc:forScope /Yu"StdAfx.h" /Fp"Debug\UVA357_CoinChange.pch" /Fo"Debug\\" /Fd"Debug\vc100.pdb" /Gd /TP /analyze- /errorReport:prompt UVA357_CoinChange.cpp
         UVA357_CoinChange.cpp
       ManifestResourceCompile:
         C:\Program Files (x86)\Microsoft SDKs\Windows\v7.0A\bin\rc.exe /nologo /fo"Debug\UVA357_CoinChange.exe.embed.manifest.res" Debug\UVA357_CoinChange_manifest.rc 
       Link:
         C:\Program Files (x86)\Microsoft Visual Studio 10.0\VC\bin\link.exe /ERRORREPORT:PROMPT /OUT:"C:\svn\trunk\Debug\UVA357_CoinChange.exe" /INCREMENTAL /NOLOGO kernel32.lib user32.lib gdi32.lib winspool.lib comdlg32.lib advapi32.lib shell32.lib ole32.lib oleaut32.lib uuid.lib odbc32.lib odbccp32.lib /MANIFEST /ManifestFile:"Debug\UVA357_CoinChange.exe.intermediate.manifest" /MANIFESTUAC:"level='asInvoker' uiAccess='false'" /DEBUG /PDB:"C:\svn\trunk\Debug\UVA357_CoinChange.pdb" /SUBSYSTEM:CONSOLE /TLBID:1 /DYNAMICBASE /NXCOMPAT /IMPLIB:"C:\svn\trunk\Debug\UVA357_CoinChange.lib" /MACHINE:X86 Debug\UVA357_CoinChange.exe.embed.manifest.res
         Debug\stdafx.obj
         Debug\UVA357_CoinChange.obj
       Manifest:
         C:\Program Files (x86)\Microsoft SDKs\Windows\v7.0A\bin\mt.exe /nologo /verbose /out:"Debug\UVA357_CoinChange.exe.embed.manifest" /manifest Debug\UVA357_CoinChange.exe.intermediate.manifest
         C:\Program Files (x86)\Microsoft SDKs\Windows\v7.0A\bin\rc.exe /nologo /fo"Debug\UVA357_CoinChange.exe.embed.manifest.res" Debug\UVA357_CoinChange_manifest.rc 
       LinkEmbedManifest:
         C:\Program Files (x86)\Microsoft Visual Studio 10.0\VC\bin\link.exe /ERRORREPORT:PROMPT /OUT:"C:\svn\trunk\Debug\UVA357_CoinChange.exe" /INCREMENTAL /NOLOGO kernel32.lib user32.lib gdi32.lib winspool.lib comdlg32.lib advapi32.lib shell32.lib ole32.lib oleaut32.lib uuid.lib odbc32.lib odbccp32.lib /MANIFEST /ManifestFile:"Debug\UVA357_CoinChange.exe.intermediate.manifest" /MANIFESTUAC:"level='asInvoker' uiAccess='false'" /DEBUG /PDB:"C:\svn\trunk\Debug\UVA357_CoinChange.pdb" /SUBSYSTEM:CONSOLE /TLBID:1 /DYNAMICBASE /NXCOMPAT /IMPLIB:"C:\svn\trunk\Debug\UVA357_CoinChange.lib" /MACHINE:X86 Debug\UVA357_CoinChange.exe.embed.manifest.res
         Debug\stdafx.obj
         Debug\UVA357_CoinChange.obj
         UVA357_CoinChange.vcxproj -> C:\svn\trunk\Debug\UVA357_CoinChange.exe
       FinalizeBuildStatus:
         Deleting file "Debug\UVA357_CoinChange.unsuccessfulbuild".
         Touching "Debug\UVA357_CoinChange.lastbuildstate".
     1>Done Building Project "C:\svn\trunk\UVA357_CoinChange\UVA357_CoinChange.vcxproj" (build target(s)).

Build succeeded.

Time Elapsed 00:00:00.97
