Build started 2012-03-22 오후 10:01:39.
     1>Project "C:\svn\trunk\UVA10131_Elephant\UVA10131_Elephant.vcxproj" on node 3 (build target(s)).
     1>InitializeBuildStatus:
         Creating "Debug\UVA10131_Elephant.unsuccessfulbuild" because "AlwaysCreate" was specified.
       ClCompile:
         C:\Program Files (x86)\Microsoft Visual Studio 10.0\VC\bin\CL.exe /c /ZI /nologo /W3 /WX- /Od /Oy- /D WIN32 /D _DEBUG /D _CONSOLE /D _UNICODE /D UNICODE /Gm /EHsc /RTC1 /MDd /GS /fp:precise /Zc:wchar_t /Zc:forScope /Yc"StdAfx.h" /Fp"Debug\UVA10131_Elephant.pch" /Fo"Debug\\" /Fd"Debug\vc100.pdb" /Gd /TP /analyze- /errorReport:prompt stdafx.cpp
         stdafx.cpp
         C:\Program Files (x86)\Microsoft Visual Studio 10.0\VC\bin\CL.exe /c /ZI /nologo /W3 /WX- /Od /Oy- /D WIN32 /D _DEBUG /D _CONSOLE /D _UNICODE /D UNICODE /Gm /EHsc /RTC1 /MDd /GS /fp:precise /Zc:wchar_t /Zc:forScope /Yu"StdAfx.h" /Fp"Debug\UVA10131_Elephant.pch" /Fo"Debug\\" /Fd"Debug\vc100.pdb" /Gd /TP /analyze- /errorReport:prompt UVA10131_Elephant.cpp
         UVA10131_Elephant.cpp
     1>c:\svn\trunk\uva10131_elephant\uva10131_elephant.cpp(58): warning C4018: '<' : signed/unsigned mismatch
     1>c:\svn\trunk\uva10131_elephant\uva10131_elephant.cpp(81): warning C4018: '<' : signed/unsigned mismatch
       ManifestResourceCompile:
         C:\Program Files (x86)\Microsoft SDKs\Windows\v7.0A\bin\rc.exe /nologo /fo"Debug\UVA10131_Elephant.exe.embed.manifest.res" Debug\UVA10131_Elephant_manifest.rc 
       Link:
         C:\Program Files (x86)\Microsoft Visual Studio 10.0\VC\bin\link.exe /ERRORREPORT:PROMPT /OUT:"C:\svn\trunk\Debug\UVA10131_Elephant.exe" /INCREMENTAL /NOLOGO kernel32.lib user32.lib gdi32.lib winspool.lib comdlg32.lib advapi32.lib shell32.lib ole32.lib oleaut32.lib uuid.lib odbc32.lib odbccp32.lib /MANIFEST /ManifestFile:"Debug\UVA10131_Elephant.exe.intermediate.manifest" /MANIFESTUAC:"level='asInvoker' uiAccess='false'" /DEBUG /PDB:"C:\svn\trunk\Debug\UVA10131_Elephant.pdb" /SUBSYSTEM:CONSOLE /TLBID:1 /DYNAMICBASE /NXCOMPAT /IMPLIB:"C:\svn\trunk\Debug\UVA10131_Elephant.lib" /MACHINE:X86 Debug\UVA10131_Elephant.exe.embed.manifest.res
         Debug\stdafx.obj
         Debug\UVA10131_Elephant.obj
       Manifest:
         C:\Program Files (x86)\Microsoft SDKs\Windows\v7.0A\bin\mt.exe /nologo /verbose /out:"Debug\UVA10131_Elephant.exe.embed.manifest" /manifest Debug\UVA10131_Elephant.exe.intermediate.manifest
         C:\Program Files (x86)\Microsoft SDKs\Windows\v7.0A\bin\rc.exe /nologo /fo"Debug\UVA10131_Elephant.exe.embed.manifest.res" Debug\UVA10131_Elephant_manifest.rc 
       LinkEmbedManifest:
         C:\Program Files (x86)\Microsoft Visual Studio 10.0\VC\bin\link.exe /ERRORREPORT:PROMPT /OUT:"C:\svn\trunk\Debug\UVA10131_Elephant.exe" /INCREMENTAL /NOLOGO kernel32.lib user32.lib gdi32.lib winspool.lib comdlg32.lib advapi32.lib shell32.lib ole32.lib oleaut32.lib uuid.lib odbc32.lib odbccp32.lib /MANIFEST /ManifestFile:"Debug\UVA10131_Elephant.exe.intermediate.manifest" /MANIFESTUAC:"level='asInvoker' uiAccess='false'" /DEBUG /PDB:"C:\svn\trunk\Debug\UVA10131_Elephant.pdb" /SUBSYSTEM:CONSOLE /TLBID:1 /DYNAMICBASE /NXCOMPAT /IMPLIB:"C:\svn\trunk\Debug\UVA10131_Elephant.lib" /MACHINE:X86 Debug\UVA10131_Elephant.exe.embed.manifest.res
         Debug\stdafx.obj
         Debug\UVA10131_Elephant.obj
         UVA10131_Elephant.vcxproj -> C:\svn\trunk\Debug\UVA10131_Elephant.exe
       FinalizeBuildStatus:
         Deleting file "Debug\UVA10131_Elephant.unsuccessfulbuild".
         Touching "Debug\UVA10131_Elephant.lastbuildstate".
     1>Done Building Project "C:\svn\trunk\UVA10131_Elephant\UVA10131_Elephant.vcxproj" (build target(s)).

Build succeeded.

Time Elapsed 00:00:01.33
