Build started 2012-03-22 오후 10:02:33.
     1>Project "C:\svn\trunk\TopologicalSort\TopologicalSort.vcxproj" on node 2 (build target(s)).
     1>InitializeBuildStatus:
         Creating "Debug\TopologicalSort.unsuccessfulbuild" because "AlwaysCreate" was specified.
       ClCompile:
         All outputs are up-to-date.
         C:\Program Files (x86)\Microsoft Visual Studio 10.0\VC\bin\CL.exe /c /ZI /nologo /W3 /WX- /Od /Oy- /D WIN32 /D _DEBUG /D _CONSOLE /D _UNICODE /D UNICODE /Gm /EHsc /RTC1 /MDd /GS /fp:precise /Zc:wchar_t /Zc:forScope /Yu"StdAfx.h" /Fp"Debug\TopologicalSort.pch" /Fo"Debug\\" /Fd"Debug\vc100.pdb" /Gd /TP /analyze- /errorReport:prompt TopologicalSort.cpp
         TopologicalSort.cpp
       ManifestResourceCompile:
         All outputs are up-to-date.
       Link:
         C:\Program Files (x86)\Microsoft Visual Studio 10.0\VC\bin\link.exe /ERRORREPORT:PROMPT /OUT:"C:\svn\trunk\Debug\TopologicalSort.exe" /INCREMENTAL /NOLOGO kernel32.lib user32.lib gdi32.lib winspool.lib comdlg32.lib advapi32.lib shell32.lib ole32.lib oleaut32.lib uuid.lib odbc32.lib odbccp32.lib /MANIFEST /ManifestFile:"Debug\TopologicalSort.exe.intermediate.manifest" /MANIFESTUAC:"level='asInvoker' uiAccess='false'" /DEBUG /PDB:"C:\svn\trunk\Debug\TopologicalSort.pdb" /SUBSYSTEM:CONSOLE /TLBID:1 /DYNAMICBASE /NXCOMPAT /IMPLIB:"C:\svn\trunk\Debug\TopologicalSort.lib" /MACHINE:X86 Debug\TopologicalSort.exe.embed.manifest.res
         Debug\stdafx.obj
         Debug\TopologicalSort.obj
       Manifest:
         C:\Program Files (x86)\Microsoft SDKs\Windows\v7.0A\bin\mt.exe /nologo /verbose /out:"Debug\TopologicalSort.exe.embed.manifest" /manifest Debug\TopologicalSort.exe.intermediate.manifest
         All outputs are up-to-date.
       LinkEmbedManifest:
         All outputs are up-to-date.
         TopologicalSort.vcxproj -> C:\svn\trunk\Debug\TopologicalSort.exe
       FinalizeBuildStatus:
         Deleting file "Debug\TopologicalSort.unsuccessfulbuild".
         Touching "Debug\TopologicalSort.lastbuildstate".
     1>Done Building Project "C:\svn\trunk\TopologicalSort\TopologicalSort.vcxproj" (build target(s)).

Build succeeded.

Time Elapsed 00:00:00.79
