Build started 2012-04-11 오후 12:32:38.
     1>Project "C:\svn\trunk\koi_Epaper\koi_Epaper.vcxproj" on node 2 (build target(s)).
     1>InitializeBuildStatus:
         Creating "Debug\koi_Epaper.unsuccessfulbuild" because "AlwaysCreate" was specified.
       ClCompile:
         All outputs are up-to-date.
         C:\Program Files (x86)\Microsoft Visual Studio 10.0\VC\bin\CL.exe /c /ZI /nologo /W3 /WX- /Od /Oy- /D WIN32 /D _DEBUG /D _CONSOLE /D _UNICODE /D UNICODE /Gm /EHsc /RTC1 /MDd /GS /fp:precise /Zc:wchar_t /Zc:forScope /Yu"StdAfx.h" /Fp"Debug\koi_Epaper.pch" /Fo"Debug\\" /Fd"Debug\vc100.pdb" /Gd /TP /analyze- /errorReport:prompt koi_Epaper.cpp
         koi_Epaper.cpp
       ManifestResourceCompile:
         All outputs are up-to-date.
       Link:
         C:\Program Files (x86)\Microsoft Visual Studio 10.0\VC\bin\link.exe /ERRORREPORT:PROMPT /OUT:"C:\svn\trunk\Debug\koi_Epaper.exe" /INCREMENTAL /NOLOGO kernel32.lib user32.lib gdi32.lib winspool.lib comdlg32.lib advapi32.lib shell32.lib ole32.lib oleaut32.lib uuid.lib odbc32.lib odbccp32.lib /MANIFEST /ManifestFile:"Debug\koi_Epaper.exe.intermediate.manifest" /MANIFESTUAC:"level='asInvoker' uiAccess='false'" /DEBUG /PDB:"C:\svn\trunk\Debug\koi_Epaper.pdb" /SUBSYSTEM:CONSOLE /TLBID:1 /DYNAMICBASE /NXCOMPAT /IMPLIB:"C:\svn\trunk\Debug\koi_Epaper.lib" /MACHINE:X86 Debug\koi_Epaper.exe.embed.manifest.res
         Debug\koi_Epaper.obj
         Debug\stdafx.obj
       Manifest:
         C:\Program Files (x86)\Microsoft SDKs\Windows\v7.0A\bin\mt.exe /nologo /verbose /out:"Debug\koi_Epaper.exe.embed.manifest" /manifest Debug\koi_Epaper.exe.intermediate.manifest
         All outputs are up-to-date.
       LinkEmbedManifest:
         All outputs are up-to-date.
         koi_Epaper.vcxproj -> C:\svn\trunk\Debug\koi_Epaper.exe
       FinalizeBuildStatus:
         Deleting file "Debug\koi_Epaper.unsuccessfulbuild".
         Touching "Debug\koi_Epaper.lastbuildstate".
     1>Done Building Project "C:\svn\trunk\koi_Epaper\koi_Epaper.vcxproj" (build target(s)).

Build succeeded.

Time Elapsed 00:00:00.53
