Build started 2012-04-01 오후 4:39:55.
     1>Project "C:\svn\trunk\MemorizePI\MemorizePI.vcxproj" on node 2 (build target(s)).
     1>InitializeBuildStatus:
         Creating "Debug\MemorizePI.unsuccessfulbuild" because "AlwaysCreate" was specified.
       ClCompile:
         All outputs are up-to-date.
         C:\Program Files (x86)\Microsoft Visual Studio 10.0\VC\bin\CL.exe /c /ZI /nologo /W3 /WX- /Od /Oy- /D WIN32 /D _DEBUG /D _CONSOLE /D _UNICODE /D UNICODE /Gm /EHsc /RTC1 /MDd /GS /fp:precise /Zc:wchar_t /Zc:forScope /Yu"StdAfx.h" /Fp"Debug\MemorizePI.pch" /Fo"Debug\\" /Fd"Debug\vc100.pdb" /Gd /TP /analyze- /errorReport:prompt MemorizePI.cpp
         MemorizePI.cpp
     1>c:\svn\trunk\memorizepi\memorizepi.cpp(21): warning C4018: '<' : signed/unsigned mismatch
     1>c:\svn\trunk\memorizepi\memorizepi.cpp(62): warning C4018: '<' : signed/unsigned mismatch
     1>c:\svn\trunk\memorizepi\memorizepi.cpp(74): warning C4018: '<' : signed/unsigned mismatch
       ManifestResourceCompile:
         All outputs are up-to-date.
       Link:
         C:\Program Files (x86)\Microsoft Visual Studio 10.0\VC\bin\link.exe /ERRORREPORT:PROMPT /OUT:"C:\svn\trunk\Debug\MemorizePI.exe" /INCREMENTAL /NOLOGO kernel32.lib user32.lib gdi32.lib winspool.lib comdlg32.lib advapi32.lib shell32.lib ole32.lib oleaut32.lib uuid.lib odbc32.lib odbccp32.lib /MANIFEST /ManifestFile:"Debug\MemorizePI.exe.intermediate.manifest" /MANIFESTUAC:"level='asInvoker' uiAccess='false'" /DEBUG /PDB:"C:\svn\trunk\Debug\MemorizePI.pdb" /SUBSYSTEM:CONSOLE /TLBID:1 /DYNAMICBASE /NXCOMPAT /IMPLIB:"C:\svn\trunk\Debug\MemorizePI.lib" /MACHINE:X86 Debug\MemorizePI.exe.embed.manifest.res
         Debug\MemorizePI.obj
         Debug\stdafx.obj
       Manifest:
         C:\Program Files (x86)\Microsoft SDKs\Windows\v7.0A\bin\mt.exe /nologo /verbose /out:"Debug\MemorizePI.exe.embed.manifest" /manifest Debug\MemorizePI.exe.intermediate.manifest
         All outputs are up-to-date.
       LinkEmbedManifest:
         All outputs are up-to-date.
         MemorizePI.vcxproj -> C:\svn\trunk\Debug\MemorizePI.exe
       FinalizeBuildStatus:
         Deleting file "Debug\MemorizePI.unsuccessfulbuild".
         Touching "Debug\MemorizePI.lastbuildstate".
     1>Done Building Project "C:\svn\trunk\MemorizePI\MemorizePI.vcxproj" (build target(s)).

Build succeeded.

Time Elapsed 00:00:01.42
