Build started 2012-04-16 오후 10:23:56.
     1>Project "C:\svn\trunk\Glacier\Glacier.vcxproj" on node 2 (build target(s)).
     1>InitializeBuildStatus:
         Creating "Release\Glacier.unsuccessfulbuild" because "AlwaysCreate" was specified.
       ClCompile:
         All outputs are up-to-date.
         C:\Program Files (x86)\Microsoft Visual Studio 10.0\VC\bin\CL.exe /c /Zi /nologo /W3 /WX- /O2 /Oi /Oy- /GL /D WIN32 /D NDEBUG /D _CONSOLE /D _UNICODE /D UNICODE /Gm- /EHsc /MD /GS /Gy /fp:precise /Zc:wchar_t /Zc:forScope /Yu"StdAfx.h" /Fp"Release\Glacier.pch" /Fo"Release\\" /Fd"Release\vc100.pdb" /Gd /TP /analyze- /errorReport:prompt Glacier.cpp
         Glacier.cpp
       Link:
         C:\Program Files (x86)\Microsoft Visual Studio 10.0\VC\bin\link.exe /ERRORREPORT:PROMPT /OUT:"C:\svn\trunk\Release\Glacier.exe" /INCREMENTAL:NO /NOLOGO kernel32.lib user32.lib gdi32.lib winspool.lib comdlg32.lib advapi32.lib shell32.lib ole32.lib oleaut32.lib uuid.lib odbc32.lib odbccp32.lib /MANIFEST /ManifestFile:"Release\Glacier.exe.intermediate.manifest" /MANIFESTUAC:"level='asInvoker' uiAccess='false'" /DEBUG /PDB:"C:\svn\trunk\Release\Glacier.pdb" /SUBSYSTEM:CONSOLE /OPT:REF /OPT:ICF /LTCG /TLBID:1 /DYNAMICBASE /NXCOMPAT /IMPLIB:"C:\svn\trunk\Release\Glacier.lib" /MACHINE:X86 Release\Glacier.obj
         Release\stdafx.obj
         Generating code
         Finished generating code
         Glacier.vcxproj -> C:\svn\trunk\Release\Glacier.exe
       Manifest:
         C:\Program Files (x86)\Microsoft SDKs\Windows\v7.0A\bin\mt.exe /nologo /verbose /outputresource:"C:\svn\trunk\Release\Glacier.exe;#1" /manifest Release\Glacier.exe.intermediate.manifest
       FinalizeBuildStatus:
         Deleting file "Release\Glacier.unsuccessfulbuild".
         Touching "Release\Glacier.lastbuildstate".
     1>Done Building Project "C:\svn\trunk\Glacier\Glacier.vcxproj" (build target(s)).

Build succeeded.

Time Elapsed 00:00:00.73
