Build started 2012-03-22 오후 9:20:31.
     1>Project "C:\svn\trunk\PCC50_Maze\PCC50_Maze.vcxproj" on node 5 (build target(s)).
     1>InitializeBuildStatus:
         Creating "Release\PCC50_Maze.unsuccessfulbuild" because "AlwaysCreate" was specified.
       ClCompile:
         C:\Program Files (x86)\Microsoft Visual Studio 10.0\VC\bin\CL.exe /c /Zi /nologo /W3 /WX- /O2 /Oi /Oy- /GL /D WIN32 /D NDEBUG /D _CONSOLE /D _UNICODE /D UNICODE /Gm- /EHsc /MD /GS /Gy /fp:precise /Zc:wchar_t /Zc:forScope /Yc"StdAfx.h" /Fp"Release\PCC50_Maze.pch" /Fo"Release\\" /Fd"Release\vc100.pdb" /Gd /TP /analyze- /errorReport:prompt stdafx.cpp
         stdafx.cpp
         C:\Program Files (x86)\Microsoft Visual Studio 10.0\VC\bin\CL.exe /c /Zi /nologo /W3 /WX- /O2 /Oi /Oy- /GL /D WIN32 /D NDEBUG /D _CONSOLE /D _UNICODE /D UNICODE /Gm- /EHsc /MD /GS /Gy /fp:precise /Zc:wchar_t /Zc:forScope /Yu"StdAfx.h" /Fp"Release\PCC50_Maze.pch" /Fo"Release\\" /Fd"Release\vc100.pdb" /Gd /TP /analyze- /errorReport:prompt PCC50_Maze.cpp
         PCC50_Maze.cpp
     1>PCC50_Maze.cpp(71): warning C4018: '<' : signed/unsigned mismatch
       Link:
         C:\Program Files (x86)\Microsoft Visual Studio 10.0\VC\bin\link.exe /ERRORREPORT:PROMPT /OUT:"C:\svn\trunk\Release\PCC50_Maze.exe" /INCREMENTAL:NO /NOLOGO kernel32.lib user32.lib gdi32.lib winspool.lib comdlg32.lib advapi32.lib shell32.lib ole32.lib oleaut32.lib uuid.lib odbc32.lib odbccp32.lib /MANIFEST /ManifestFile:"Release\PCC50_Maze.exe.intermediate.manifest" /MANIFESTUAC:"level='asInvoker' uiAccess='false'" /DEBUG /PDB:"C:\svn\trunk\Release\PCC50_Maze.pdb" /SUBSYSTEM:CONSOLE /OPT:REF /OPT:ICF /LTCG /TLBID:1 /DYNAMICBASE /NXCOMPAT /IMPLIB:"C:\svn\trunk\Release\PCC50_Maze.lib" /MACHINE:X86 Release\PCC50_Maze.obj
         Release\stdafx.obj
         Generating code
         Finished generating code
         PCC50_Maze.vcxproj -> C:\svn\trunk\Release\PCC50_Maze.exe
       Manifest:
         C:\Program Files (x86)\Microsoft SDKs\Windows\v7.0A\bin\mt.exe /nologo /verbose /outputresource:"C:\svn\trunk\Release\PCC50_Maze.exe;#1" /manifest Release\PCC50_Maze.exe.intermediate.manifest
       FinalizeBuildStatus:
         Deleting file "Release\PCC50_Maze.unsuccessfulbuild".
         Touching "Release\PCC50_Maze.lastbuildstate".
     1>Done Building Project "C:\svn\trunk\PCC50_Maze\PCC50_Maze.vcxproj" (build target(s)).

Build succeeded.

Time Elapsed 00:00:00.81
